[    0.000000] Initializing cgroup subsys cpuset
[    0.000000] Initializing cgroup subsys cpu
[    0.000000] Initializing cgroup subsys cpuacct
[    0.000000] Linux version 4.4.0-165-generic (buildd@lgw01-amd64-027) (gcc version 5.4.0 20160609 (Ubuntu 5.4.0-6ubuntu1~16.04.10) ) #193-Ubuntu SMP Tue Sep 17 17:42:52 UTC 2019 (Ubuntu 4.4.0-165.193-generic 4.4.189)
[    0.000000] Command line: BOOT_IMAGE=/boot/vmlinuz-4.4.0-165-generic root=LABEL=cloudimg-rootfs ro console=tty1 console=ttyS0
[    0.000000] KERNEL supported cpus:
[    0.000000]   Intel GenuineIntel
[    0.000000]   AMD AuthenticAMD
[    0.000000]   Centaur CentaurHauls
[    0.000000] x86/fpu: xstate_offset[2]:  576, xstate_sizes[2]:  256
[    0.000000] x86/fpu: Supporting XSAVE feature 0x01: 'x87 floating point registers'
[    0.000000] x86/fpu: Supporting XSAVE feature 0x02: 'SSE registers'
[    0.000000] x86/fpu: Supporting XSAVE feature 0x04: 'AVX registers'
[    0.000000] x86/fpu: Enabled xstate features 0x7, context size is 832 bytes, using 'standard' format.
[    0.000000] e820: BIOS-provided physical RAM map:
[    0.000000] BIOS-e820: [mem 0x0000000000000000-0x000000000009fbff] usable
[    0.000000] BIOS-e820: [mem 0x000000000009fc00-0x000000000009ffff] reserved
[    0.000000] BIOS-e820: [mem 0x00000000000f0000-0x00000000000fffff] reserved
[    0.000000] BIOS-e820: [mem 0x0000000000100000-0x000000003ffeffff] usable
[    0.000000] BIOS-e820: [mem 0x000000003fff0000-0x000000003fffffff] ACPI data
[    0.000000] BIOS-e820: [mem 0x00000000fec00000-0x00000000fec00fff] reserved
[    0.000000] BIOS-e820: [mem 0x00000000fee00000-0x00000000fee00fff] reserved
[    0.000000] BIOS-e820: [mem 0x00000000fffc0000-0x00000000ffffffff] reserved
[    0.000000] NX (Execute Disable) protection: active
[    0.000000] SMBIOS 2.5 present.
[    0.000000] Hypervisor detected: KVM
[    0.000000] e820: last_pfn = 0x3fff0 max_arch_pfn = 0x400000000
[    0.000000] MTRR: Disabled
[    0.000000] x86/PAT: MTRRs disabled, skipping PAT initialization too.
[    0.000000] CPU MTRRs all blank - virtualized system.
[    0.000000] x86/PAT: Configuration [0-7]: WB  WT  UC- UC  WB  WT  UC- UC  
[    0.000000] found SMP MP-table at [mem 0x0009fff0-0x0009ffff] mapped at [ffff88000009fff0]
[    0.000000] Scanning 1 areas for low memory corruption
[    0.000000] RAMDISK: [mem 0x362fa000-0x37174fff]
[    0.000000] ACPI: Early table checksum verification disabled
[    0.000000] ACPI: RSDP 0x00000000000E0000 000024 (v02 VBOX  )
[    0.000000] ACPI: XSDT 0x000000003FFF0030 00003C (v01 VBOX   VBOXXSDT 00000001 ASL  00000061)
[    0.000000] ACPI: FACP 0x000000003FFF00F0 0000F4 (v04 VBOX   VBOXFACP 00000001 ASL  00000061)
[    0.000000] ACPI: DSDT 0x000000003FFF0470 0022EA (v02 VBOX   VBOXBIOS 00000002 INTL 20100528)
[    0.000000] ACPI: FACS 0x000000003FFF0200 000040
[    0.000000] ACPI: FACS 0x000000003FFF0200 000040
[    0.000000] ACPI: APIC 0x000000003FFF0240 00005C (v02 VBOX   VBOXAPIC 00000001 ASL  00000061)
[    0.000000] ACPI: SSDT 0x000000003FFF02A0 0001CC (v01 VBOX   VBOXCPUT 00000002 INTL 20100528)
[    0.000000] No NUMA configuration found
[    0.000000] Faking a node at [mem 0x0000000000000000-0x000000003ffeffff]
[    0.000000] NODE_DATA(0) allocated [mem 0x3ffeb000-0x3ffeffff]
[    0.000000] kvm-clock: Using msrs 4b564d01 and 4b564d00
[    0.000000] kvm-clock: cpu 0, msr 0:3ffe3001, primary cpu clock
[    0.000000] kvm-clock: using sched offset of 4354530284 cycles
[    0.000000] clocksource: kvm-clock: mask: 0xffffffffffffffff max_cycles: 0x1cd42e4dffb, max_idle_ns: 881590591483 ns
[    0.000000] Zone ranges:
[    0.000000]   DMA      [mem 0x0000000000001000-0x0000000000ffffff]
[    0.000000]   DMA32    [mem 0x0000000001000000-0x000000003ffeffff]
[    0.000000]   Normal   empty
[    0.000000]   Device   empty
[    0.000000] Movable zone start for each node
[    0.000000] Early memory node ranges
[    0.000000]   node   0: [mem 0x0000000000001000-0x000000000009efff]
[    0.000000]   node   0: [mem 0x0000000000100000-0x000000003ffeffff]
[    0.000000] Initmem setup node 0 [mem 0x0000000000001000-0x000000003ffeffff]
[    0.000000] ACPI: PM-Timer IO Port: 0x4008
[    0.000000] IOAPIC[0]: apic_id 2, version 32, address 0xfec00000, GSI 0-23
[    0.000000] ACPI: INT_SRC_OVR (bus 0 bus_irq 0 global_irq 2 dfl dfl)
[    0.000000] ACPI: INT_SRC_OVR (bus 0 bus_irq 9 global_irq 9 low level)
[    0.000000] Using ACPI (MADT) for SMP configuration information
[    0.000000] smpboot: Allowing 2 CPUs, 0 hotplug CPUs
[    0.000000] PM: Registered nosave memory: [mem 0x00000000-0x00000fff]
[    0.000000] PM: Registered nosave memory: [mem 0x0009f000-0x0009ffff]
[    0.000000] PM: Registered nosave memory: [mem 0x000a0000-0x000effff]
[    0.000000] PM: Registered nosave memory: [mem 0x000f0000-0x000fffff]
[    0.000000] e820: [mem 0x40000000-0xfebfffff] available for PCI devices
[    0.000000] Booting paravirtualized kernel on KVM
[    0.000000] clocksource: refined-jiffies: mask: 0xffffffff max_cycles: 0xffffffff, max_idle_ns: 7645519600211568 ns
[    0.000000] setup_percpu: NR_CPUS:512 nr_cpumask_bits:512 nr_cpu_ids:2 nr_node_ids:1
[    0.000000] PERCPU: Embedded 34 pages/cpu @ffff88003fc00000 s99544 r8192 d31528 u1048576
[    0.000000] Built 1 zonelists in Node order, mobility grouping on.  Total pages: 257912
[    0.000000] Policy zone: DMA32
[    0.000000] Kernel command line: BOOT_IMAGE=/boot/vmlinuz-4.4.0-165-generic root=LABEL=cloudimg-rootfs ro console=tty1 console=ttyS0
[    0.000000] PID hash table entries: 4096 (order: 3, 32768 bytes)
[    0.000000] Memory: 997732K/1048120K available (8621K kernel code, 1335K rwdata, 4032K rodata, 1484K init, 1284K bss, 50388K reserved, 0K cma-reserved)
[    0.000000] SLUB: HWalign=64, Order=0-3, MinObjects=0, CPUs=2, Nodes=1
[    0.000000] Kernel/User page tables isolation: enabled
[    0.000000] Hierarchical RCU implementation.
[    0.000000] 	Build-time adjustment of leaf fanout to 64.
[    0.000000] 	RCU restricting CPUs from NR_CPUS=512 to nr_cpu_ids=2.
[    0.000000] RCU: Adjusting geometry for rcu_fanout_leaf=64, nr_cpu_ids=2
[    0.000000] NR_IRQS:33024 nr_irqs:440 16
[    0.000000] Console: colour VGA+ 80x25
[    0.000000] console [tty1] enabled
[    0.000000] console [ttyS0] enabled
[    0.000000] tsc: Detected 2712.006 MHz processor
[    0.283294] Calibrating delay loop (skipped) preset value.. 5424.01 BogoMIPS (lpj=10848024)
[    0.285794] pid_max: default: 32768 minimum: 301
[    0.287085] ACPI: Core revision 20150930
[    0.291485] ACPI: 2 ACPI AML tables successfully acquired and loaded
[    0.293747] Security Framework initialized
[    0.295227] Yama: becoming mindful.
[    0.296597] AppArmor: AppArmor initialized
[    0.298908] Dentry cache hash table entries: 131072 (order: 8, 1048576 bytes)
[    0.306302] Inode-cache hash table entries: 65536 (order: 7, 524288 bytes)
[    0.308700] Mount-cache hash table entries: 2048 (order: 2, 16384 bytes)
[    0.310916] Mountpoint-cache hash table entries: 2048 (order: 2, 16384 bytes)
[    0.313491] Initializing cgroup subsys io
[    0.314997] Initializing cgroup subsys memory
[    0.316839] Initializing cgroup subsys devices
[    0.318790] Initializing cgroup subsys freezer
[    0.320587] Initializing cgroup subsys net_cls
[    0.322205] Initializing cgroup subsys perf_event
[    0.323853] Initializing cgroup subsys net_prio
[    0.325367] Initializing cgroup subsys hugetlb
[    0.327027] Initializing cgroup subsys pids
[    0.330631] mce: CPU supports 0 MCE banks
[    0.332269] Last level iTLB entries: 4KB 64, 2MB 8, 4MB 8
[    0.334145] Last level dTLB entries: 4KB 64, 2MB 0, 4MB 0, 1GB 4
[    0.336502] Spectre V1 : Mitigation: usercopy/swapgs barriers and __user pointer sanitization
[    0.339063] Spectre V2 : Mitigation: Full generic retpoline
[    0.340805] Spectre V2 : Spectre v2 / SpectreRSB mitigation: Filling RSB on context switch
[    0.343347] Speculative Store Bypass: Vulnerable
[    0.345049] MDS: Vulnerable: Clear CPU buffers attempted, no microcode
[    0.353181] Freeing SMP alternatives memory: 36K
[    0.369152] ftrace: allocating 32318 entries in 127 pages
[    0.482870] smpboot: APIC(0) Converting physical 0 to logical package 0
[    0.485308] smpboot: Max logical packages: 1
[    0.487348] x2apic enabled
[    0.488868] Switched APIC routing to physical x2apic.
[    0.493274] ..TIMER: vector=0x30 apic1=0 pin1=2 apic2=-1 pin2=-1
[    0.602848] smpboot: CPU0: Intel(R) Core(TM) i5-7200U CPU @ 2.50GHz (family: 0x6, model: 0x8e, stepping: 0x9)
[    0.607261] Performance Events: unsupported p6 CPU model 142 no PMU driver, software events only.
[    0.628461] KVM setup paravirtual spinlock
[    0.630508] x86: Booting SMP configuration:
[    0.631846] .... node  #0, CPUs:      #1
[    0.633192] kvm-clock: cpu 1, msr 0:3ffe3041, secondary cpu clock
[    0.636291] mce: CPU supports 0 MCE banks
[    0.639083] x86: Booted up 1 node, 2 CPUs
[    0.640761] smpboot: Total of 2 processors activated (10848.02 BogoMIPS)
[    0.643479] devtmpfs: initialized
[    0.647213] evm: security.selinux
[    0.648415] evm: security.SMACK64
[    0.649600] evm: security.SMACK64EXEC
[    0.650812] evm: security.SMACK64TRANSMUTE
[    0.652257] evm: security.SMACK64MMAP
[    0.653548] evm: security.ima
[    0.654547] evm: security.capability
[    0.655879] clocksource: jiffies: mask: 0xffffffff max_cycles: 0xffffffff, max_idle_ns: 7645041785100000 ns
[    0.658515] futex hash table entries: 512 (order: 3, 32768 bytes)
[    0.660519] pinctrl core: initialized pinctrl subsystem
[    0.662366] RTC time: 10:13:01, date: 10/09/19
[    0.664182] NET: Registered protocol family 16
[    0.679469] cpuidle: using governor ladder
[    0.695318] cpuidle: using governor menu
[    0.698957] PCCT header not found.
[    0.702322] ACPI: bus type PCI registered
[    0.707136] acpiphp: ACPI Hot Plug PCI Controller Driver version: 0.5
[    0.713369] PCI: Using configuration type 1 for base access
[    0.733799] ACPI: Added _OSI(Module Device)
[    0.737331] ACPI: Added _OSI(Processor Device)
[    0.741246] ACPI: Added _OSI(3.0 _SCP Extensions)
[    0.745054] ACPI: Added _OSI(Processor Aggregator Device)
[    0.751541] ACPI: Executed 1 blocks of module-level executable AML code
[    0.764130] ACPI: Interpreter enabled
[    0.767176] ACPI: (supports S0 S5)
[    0.770179] ACPI: Using IOAPIC for interrupt routing
[    0.774550] PCI: Using host bridge windows from ACPI; if necessary, use "pci=nocrs" and report a bug
[    0.794155] ACPI: PCI Root Bridge [PCI0] (domain 0000 [bus 00-ff])
[    0.798561] acpi PNP0A03:00: _OSC: OS supports [ASPM ClockPM Segments MSI]
[    0.804807] acpi PNP0A03:00: _OSC: not requesting OS control; OS requires [ExtendedConfig ASPM ClockPM MSI]
[    0.812024] acpi PNP0A03:00: fail to add MMCONFIG information, can't access extended PCI configuration space under this bridge.
[    0.821393] PCI host bridge to bus 0000:00
[    0.824674] pci_bus 0000:00: root bus resource [io  0x0000-0x0cf7 window]
[    0.829289] pci_bus 0000:00: root bus resource [io  0x0d00-0xffff window]
[    0.833727] pci_bus 0000:00: root bus resource [mem 0x000a0000-0x000bffff window]
[    0.839367] pci_bus 0000:00: root bus resource [mem 0x40000000-0xfdffffff window]
[    0.845229] pci_bus 0000:00: root bus resource [bus 00-ff]
[    0.855717] pci 0000:00:01.1: legacy IDE quirk: reg 0x10: [io  0x01f0-0x01f7]
[    0.860557] pci 0000:00:01.1: legacy IDE quirk: reg 0x14: [io  0x03f6]
[    0.865037] pci 0000:00:01.1: legacy IDE quirk: reg 0x18: [io  0x0170-0x0177]
[    0.869928] pci 0000:00:01.1: legacy IDE quirk: reg 0x1c: [io  0x0376]
[    0.945930] pci 0000:00:07.0: quirk: [io  0x4000-0x403f] claimed by PIIX4 ACPI
[    0.948348] pci 0000:00:07.0: quirk: [io  0x4100-0x410f] claimed by PIIX4 SMB
[    0.961726] ACPI: PCI Interrupt Link [LNKA] (IRQs 5 9 10 *11)
[    0.964881] ACPI: PCI Interrupt Link [LNKB] (IRQs 5 9 *10 11)
[    0.967534] ACPI: PCI Interrupt Link [LNKC] (IRQs 5 *9 10 11)
[    0.970018] ACPI: PCI Interrupt Link [LNKD] (IRQs 5 9 10 *11)
[    0.972527] ACPI: Enabled 2 GPEs in block 00 to 07
[    0.975294] vgaarb: setting as boot device: PCI:0000:00:02.0
[    0.977703] vgaarb: device added: PCI:0000:00:02.0,decodes=io+mem,owns=io+mem,locks=none
[    0.980074] vgaarb: loaded
[    0.981023] vgaarb: bridge control possible 0000:00:02.0
[    0.982860] SCSI subsystem initialized
[    0.984224] ACPI: bus type USB registered
[    0.985536] usbcore: registered new interface driver usbfs
[    0.987070] usbcore: registered new interface driver hub
[    0.988943] usbcore: registered new device driver usb
[    0.991209] PCI: Using ACPI for IRQ routing
[    0.993871] NetLabel: Initializing
[    0.995344] NetLabel:  domain hash size = 128
[    0.996917] NetLabel:  protocols = UNLABELED CIPSOv4
[    1.005257] NetLabel:  unlabeled traffic allowed by default
[    1.007648] amd_nb: Cannot enumerate AMD northbridges
[    1.009884] clocksource: Switched to clocksource kvm-clock
[    1.034457] AppArmor: AppArmor Filesystem Enabled
[    1.036389] pnp: PnP ACPI init
[    1.038657] pnp: PnP ACPI: found 3 devices
[    1.063029] clocksource: acpi_pm: mask: 0xffffff max_cycles: 0xffffff, max_idle_ns: 2085701024 ns
[    1.066402] NET: Registered protocol family 2
[    1.068266] TCP established hash table entries: 8192 (order: 4, 65536 bytes)
[    1.070513] TCP bind hash table entries: 8192 (order: 5, 131072 bytes)
[    1.072724] TCP: Hash tables configured (established 8192 bind 8192)
[    1.075224] UDP hash table entries: 512 (order: 2, 16384 bytes)
[    1.077272] UDP-Lite hash table entries: 512 (order: 2, 16384 bytes)
[    1.079290] NET: Registered protocol family 1
[    1.080711] pci 0000:00:00.0: Limiting direct PCI/PCI transfers
[    1.082641] pci 0000:00:01.0: Activating ISA DMA hang workarounds
[    1.084439] Unpacking initramfs...
[    1.525664] Freeing initrd memory: 14828K
[    1.527937] clocksource: tsc: mask: 0xffffffffffffffff max_cycles: 0x27178c274f7, max_idle_ns: 440795238189 ns
[    1.532593] platform rtc_cmos: registered platform RTC device (no PNP device found)
[    1.536371] Scanning for low memory corruption every 60 seconds
[    1.539801] audit: initializing netlink subsys (disabled)
[    1.542051] audit: type=2000 audit(1570615987.159:1): initialized
[    1.545433] Initialise system trusted keyring
[    1.547878] HugeTLB registered 2 MB page size, pre-allocated 0 pages
[    1.551755] zbud: loaded
[    1.553423] VFS: Disk quotas dquot_6.6.0
[    1.555239] VFS: Dquot-cache hash table entries: 512 (order 0, 4096 bytes)
[    1.558067] squashfs: version 4.0 (2009/01/31) Phillip Lougher
[    1.560674] fuse init (API version 7.23)
[    1.562976] Key type big_key registered
[    1.564854] Allocating IMA MOK and blacklist keyrings.
[    1.568476] Key type asymmetric registered
[    1.569631] Asymmetric key parser 'x509' registered
[    1.571056] Block layer SCSI generic (bsg) driver version 0.4 loaded (major 249)
[    1.574243] io scheduler noop registered
[    1.575442] io scheduler deadline registered (default)
[    1.577389] io scheduler cfq registered
[    1.579481] pci_hotplug: PCI Hot Plug PCI Core version: 0.5
[    1.581884] pciehp: PCI Express Hot Plug Controller Driver version: 0.4
[    1.584181] ACPI: AC Adapter [AC] (off-line)
[    1.586114] input: Power Button as /devices/LNXSYSTM:00/LNXPWRBN:00/input/input0
[    1.589190] ACPI: Power Button [PWRF]
[    1.590848] input: Sleep Button as /devices/LNXSYSTM:00/LNXSLPBN:00/input/input1
[    1.593907] ACPI: Sleep Button [SLPF]
[    1.596336] ACPI: Battery Slot [BAT0] (battery present)
[    1.597973] GHES: HEST is not enabled!
[    1.599633] Serial: 8250/16550 driver, 32 ports, IRQ sharing enabled
[    1.622809] 00:02: ttyS0 at I/O 0x3f8 (irq = 4, base_baud = 115200) is a 16550A
[    1.627091] Linux agpgart interface v0.103
[    1.632666] loop: module loaded
[    1.635153] scsi host0: ata_piix
[    1.637358] scsi host1: ata_piix
[    1.639757] ata1: PATA max UDMA/33 cmd 0x1f0 ctl 0x3f6 bmdma 0xd000 irq 14
[    1.643271] ata2: PATA max UDMA/33 cmd 0x170 ctl 0x376 bmdma 0xd008 irq 15
[    1.645837] libphy: Fixed MDIO Bus: probed
[    1.647276] tun: Universal TUN/TAP device driver, 1.6
[    1.648908] tun: (C) 1999-2004 Max Krasnyansky <maxk@qualcomm.com>
[    1.651482] PPP generic driver version 2.4.2
[    1.653258] ehci_hcd: USB 2.0 'Enhanced' Host Controller (EHCI) Driver
[    1.655168] ehci-pci: EHCI PCI platform driver
[    1.656945] ehci-platform: EHCI generic platform driver
[    1.658527] ohci_hcd: USB 1.1 'Open' Host Controller (OHCI) Driver
[    1.660656] ohci-pci: OHCI PCI platform driver
[    1.661921] ohci-platform: OHCI generic platform driver
[    1.663462] uhci_hcd: USB Universal Host Controller Interface driver
[    1.665331] i8042: PNP: PS/2 Controller [PNP0303:PS2K,PNP0f03:PS2M] at 0x60,0x64 irq 1,12
[    1.668416] serio: i8042 KBD port at 0x60,0x64 irq 1
[    1.669823] serio: i8042 AUX port at 0x60,0x64 irq 12
[    1.671429] mousedev: PS/2 mouse device common for all mice
[    1.673423] rtc_cmos rtc_cmos: rtc core: registered rtc_cmos as rtc0
[    1.675249] rtc_cmos rtc_cmos: alarms up to one day, 114 bytes nvram
[    1.677562] i2c /dev entries driver
[    1.678854] input: AT Translated Set 2 keyboard as /devices/platform/i8042/serio0/input/input2
[    1.681284] device-mapper: uevent: version 1.0.3
[    1.682941] device-mapper: ioctl: 4.34.0-ioctl (2015-10-28) initialised: dm-devel@redhat.com
[    1.685437] ledtrig-cpu: registered to indicate activity on CPUs
[    1.688240] NET: Registered protocol family 10
[    1.690299] NET: Registered protocol family 17
[    1.691679] Key type dns_resolver registered
[    1.693239] registered taskstats version 1
[    1.694521] Loading compiled-in X.509 certificates
[    1.696404] Loaded X.509 cert 'Build time autogenerated kernel key: 0ed82eac04367aa6426493b1389455ebf6830eaa'
[    1.699203] zswap: loaded using pool lzo/zbud
[    1.704159] Key type trusted registered
[    1.713553] Key type encrypted registered
[    1.715053] AppArmor: AppArmor sha1 policy hashing enabled
[    1.716793] ima: No TPM chip found, activating TPM-bypass!
[    1.719302] ima: Allocated hash algorithm: sha1
[    1.721105] evm: HMAC attrs: 0x1
[    1.723173]   Magic number: 7:926:223
[    1.725124] rtc_cmos rtc_cmos: setting system clock to 2019-10-09 10:13:02 UTC (1570615982)
[    1.728813] BIOS EDD facility v0.16 2004-Jun-25, 0 devices found
[    1.730683] EDD information not available.
[    1.820868] Freeing unused kernel memory: 1484K
[    1.824761] Write protecting the kernel read-only data: 14336k
[    1.831371] Freeing unused kernel memory: 1608K
[    1.836077] Freeing unused kernel memory: 64K
Loading, please wait...
starting version 229
[    1.882495] random: systemd-udevd: uninitialized urandom read (16 bytes read, 3 bits of entropy available)
[    1.884612] random: udevadm: uninitialized urandom read (16 bytes read, 3 bits of entropy available)
[    1.884662] random: udevadm: uninitialized urandom read (16 bytes read, 3 bits of entropy available)
[    1.914319] random: systemd-udevd: uninitialized urandom read (16 bytes read, 3 bits of entropy available)
[    1.920342] random: udevadm: uninitialized urandom read (16 bytes read, 3 bits of entropy available)
[    1.920552] random: udevadm: uninitialized urandom read (16 bytes read, 3 bits of entropy available)
[    1.921014] random: udevadm: uninitialized urandom read (16 bytes read, 3 bits of entropy available)
[    1.921172] random: udevadm: uninitialized urandom read (16 bytes read, 3 bits of entropy available)
[    1.921330] random: udevadm: uninitialized urandom read (16 bytes read, 3 bits of entropy available)
[    1.921558] random: udevadm: uninitialized urandom read (16 bytes read, 3 bits of entropy available)
[    2.053082] e1000: Intel(R) PRO/1000 Network Driver - version 7.3.21-k8-NAPI
[    2.055074] e1000: Copyright (c) 1999-2006 Intel Corporation.
[    2.061392] Fusion MPT base driver 3.04.20
[    2.062722] Copyright (c) 1999-2008 LSI Corporation
[    2.090304] Fusion MPT SPI Host driver 3.04.20
[    2.111398] AVX2 version of gcm_enc/dec engaged.
[    2.114232] AES CTR mode by8 optimization enabled
[    2.306613] input: ImExPS/2 Generic Explorer Mouse as /devices/platform/i8042/serio1/input/input4
[    2.563864] e1000 0000:00:03.0 eth0: (PCI:33MHz:32-bit) 02:0e:9b:2d:5b:92
[    2.565932] e1000 0000:00:03.0 eth0: Intel(R) PRO/1000 Network Connection
[    2.569287] mptbase: ioc0: Initiating bringup
[    2.569683] e1000 0000:00:03.0 enp0s3: renamed from eth0
[    2.635145] ioc0: LSI53C1030 A0: Capabilities={Initiator}
[    2.806858] scsi host2: ioc0: LSI53C1030 A0, FwRev=00000000h, Ports=1, MaxQ=256, IRQ=20
[    2.927751] scsi 2:0:0:0: Direct-Access     VBOX     HARDDISK         1.0  PQ: 0 ANSI: 5
[    2.935939] scsi target2:0:0: Beginning Domain Validation
[    2.950247] scsi target2:0:0: Domain Validation skipping write tests
[    2.956573] scsi target2:0:0: Ending Domain Validation
[    2.961886] scsi target2:0:0: asynchronous
[    2.969422] scsi 2:0:1:0: Direct-Access     VBOX     HARDDISK         1.0  PQ: 0 ANSI: 5
[    2.978006] scsi target2:0:1: Beginning Domain Validation
[    2.992103] scsi target2:0:1: Domain Validation skipping write tests
[    2.997555] scsi target2:0:1: Ending Domain Validation
[    3.002691] scsi target2:0:1: asynchronous
[    3.066023] sd 2:0:0:0: Attached scsi generic sg0 type 0
[    3.068695] sd 2:0:0:0: [sda] 20971520 512-byte logical blocks: (10.7 GB/10.0 GiB)
[    3.073661] sd 2:0:1:0: Attached scsi generic sg1 type 0
[    3.074402] sd 2:0:1:0: [sdb] 20480 512-byte logical blocks: (10.5 MB/10.0 MiB)
[    3.074835] sd 2:0:1:0: [sdb] Write Protect is off
[    3.075147] sd 2:0:1:0: [sdb] Incomplete mode parameter data
[    3.075150] sd 2:0:1:0: [sdb] Assuming drive cache: write through
[    3.078300] sd 2:0:0:0: [sda] Write Protect is off
[    3.078761] sd 2:0:0:0: [sda] Incomplete mode parameter data
[    3.078764] sd 2:0:0:0: [sda] Assuming drive cache: write through
[    3.083791]  sda: sda1
[    3.086233] sd 2:0:1:0: [sdb] Attached SCSI disk
[    3.086636] sd 2:0:0:0: [sda] Attached SCSI disk
Begin: Loading essential drivers ... [    5.054378] md: linear personality registered for level -1
[    5.061139] md: multipath personality registered for level -4
[    5.068618] md: raid0 personality registered for level 0
[    5.077255] md: raid1 personality registered for level 1
[    5.149992] raid6: sse2x1   gen()  7344 MB/s
[    5.218308] raid6: sse2x1   xor()  5169 MB/s
[    5.286258] raid6: sse2x2   gen()  8005 MB/s
[    5.354001] raid6: sse2x2   xor()  4936 MB/s
[    5.422238] raid6: sse2x4   gen() 10146 MB/s
[    5.490573] raid6: sse2x4   xor()  5591 MB/s
[    5.558461] raid6: avx2x1   gen() 10746 MB/s
[    5.625978] raid6: avx2x2   gen() 14193 MB/s
[    5.694203] raid6: avx2x4   gen() 14433 MB/s
[    5.696327] raid6: using algorithm avx2x4 gen() 14433 MB/s
[    5.698716] raid6: using avx2x2 recovery algorithm
[    5.703221] xor: automatically using best checksumming function:
[    5.742188]    avx       : 12926.000 MB/sec
[    5.761314] async_tx: api initialized (async)
[    5.784465] md: raid6 personality registered for level 6
[    5.787036] md: raid5 personality registered for level 5
[    5.788704] md: raid4 personality registered for level 4
[    5.801079] md: raid10 personality registered for level 10
done.
Begin: Running /scripts/init-premount ... done.
Begin: Mounting root file system ... Begin: Running /scripts/local-top ... done.
Begin: Running /scripts/local-premount ... [    5.876082] Btrfs loaded
Scanning for Btrfs filesystems
done.
Warning: fsck not present, so skipping root file system
[    5.928147] EXT4-fs (sda1): mounted filesystem with ordered data mode. Opts: (null)
done.
Begin: Running /scripts/local-bottom ... done.
Begin: Running /scripts/init-bottom ... done.
[    6.073869] systemd[1]: systemd 229 running in system mode. (+PAM +AUDIT +SELINUX +IMA +APPARMOR +SMACK +SYSVINIT +UTMP +LIBCRYPTSETUP +GCRYPT +GNUTLS +ACL +XZ -LZ4 +SECCOMP +BLKID +ELFUTILS +KMOD -IDN)
[    6.079023] systemd[1]: Detected virtualization oracle.
[    6.080376] systemd[1]: Detected architecture x86-64.

Welcome to [1mUbuntu 16.04.6 LTS[0m!

[    6.085688] systemd[1]: Set hostname to <ubuntu>.
[    6.090102] systemd[1]: Initializing machine ID from random generator.
[    6.091792] systemd[1]: Installed transient /etc/machine-id file.
[    6.297121] systemd[1]: Listening on LVM2 metadata daemon socket.
[[0;32m  OK  [0m] Listening on LVM2 metadata daemon socket.
[    6.306393] systemd[1]: Reached target User and Group Name Lookups.
[[0;32m  OK  [0m] Reached target User and Group Name Lookups.
[    6.314590] systemd[1]: Reached target Swap.
[[0;32m  OK  [0m] Reached target Swap.
[    6.322581] systemd[1]: Listening on Syslog Socket.
[[0;32m  OK  [0m] Listening on Syslog Socket.
[    6.330412] systemd[1]: Listening on udev Kernel Socket.
[[0;32m  OK  [0m] Listening on udev Kernel Socket.
[    6.332909] systemd[1]: Reached target System Time Synchronized.
[[0;32m  OK  [0m] Reached target System Time Synchronized.
[    6.340260] systemd[1]: Listening on Journal Audit Socket.
[[0;32m  OK  [0m] Listening on Journal Audit Socket.
[    6.355488] systemd[1]: Started Trigger resolvconf update for networkd DNS.
[[0;32m  OK  [0m] Started Trigger resolvconf update for networkd DNS.
[    6.370153] systemd[1]: Reached target Encrypted Volumes.
[[0;32m  OK  [0m] Reached target Encrypted Volumes.
[    6.388133] systemd[1]: Created slice System Slice.
[[0;32m  OK  [0m] Created slice System Slice.
[    6.397213] systemd[1]: Created slice system-serial\x2dgetty.slice.
[[0;32m  OK  [0m] Created slice system-serial\x2dgetty.slice.
[    6.406786] systemd[1]: Started Forward Password Requests to Wall Directory Watch.
[[0;32m  OK  [0m] Started Forward Password Requests to Wall Directory Watch.
[    6.419080] systemd[1]: Listening on udev Control Socket.
[[0;32m  OK  [0m] Listening on udev Control Socket.
[    6.425527] systemd[1]: Listening on Journal Socket.
[[0;32m  OK  [0m] Listening on Journal Socket.
[    6.446332] systemd[1]: Mounting Debug File System...
         Mounting Debug File System...
[    6.453580] systemd[1]: Starting Nameserver information manager...
         Starting Nameserver information manager...
[    6.468994] systemd[1]: Mounting POSIX Message Queue File System...
         Mounting POSIX Message Queue File System...
[    6.484309] systemd[1]: Starting Uncomplicated firewall...
         Starting Uncomplicated firewall...
[    6.492352] systemd[1]: Starting Set console keymap...
         Starting Set console keymap...
[    6.511197] systemd[1]: Starting Load Kernel Modules...
         Starting Load Kernel Modules...
[    6.519942] systemd[1]: Created slice User and Session Slice.
[[0;32m  OK  [0m] Created slice User and Session Slice.
[    6.528146] systemd[1]: Reached target Slices.
[[0;32m  OK  [0m] Reached target Slices.
[    6.538207] Loading iSCSI transport class v2.0-870.
[    6.552524] systemd[1]: Mounting Huge Pages File System...
         Mounting Huge Pages File System...
[    6.561673] iscsi: registered transport (tcp)
[    6.562174] systemd[1]: Listening on Device-mapper event daemon FIFOs.
[[0;32m  OK  [0m] Listening on Device-mapper event daemon FIFOs.
[    6.569680] systemd[1]: Listening on Journal Socket (/dev/log).
[[0;32m  OK  [0m] Listening on Journal Socket (/dev/log).
[    6.576455] systemd[1]: Starting Create list of required static device nodes for the current kernel...
         Starting Create list of required st... nodes for the current kernel...
[    6.591949] systemd[1]: Listening on /dev/initctl Compatibility Named Pipe.
[[0;32m  OK  [0m] Listening on /dev/initctl Compatibility Named Pipe.
[    6.597969] systemd[1]: Starting Remount Root and Kernel File Systems...
         Starting Remount Root and Kernel File Systems...
[    6.606287] systemd[1]: Set up automount Arbitrary Executable File Formats File System Automount Point.
[[0;32m  OK  [0m] Set up automount Arbitrary Executab...ats File System Automount Point.
[    6.615720] systemd[1]: Listening on LVM2 poll daemon socket.
[[0;32m  OK  [0m] Listening on LVM2 poll daemon socket.
[    6.622167] EXT4-fs (sda1): re-mounted. Opts: (null)
[    6.638516] systemd[1]: Starting Monitoring of LVM2 mirrors, snapshots etc. using dmeventd or progress polling...
         Starting Monitoring of LVM2 mirrors... dmeventd or progress polling...
[    6.659232] systemd[1]: Starting Journal Service...
         Starting Journal Service...
[    6.669736] systemd[1]: Mounted POSIX Message Queue File System.
[[0;32m  OK  [0m] Mounted POSIX Message Queue File System.
[    6.675162] systemd[1]: Mounted Debug File System.
[    6.682260] iscsi: registered transport (iser)
[[0;32m  OK  [0m] Mounted Debug File System.
[    6.687624] systemd[1]: Mounted Huge Pages File System.
[[0;32m  OK  [0m] Mounted Huge Pages File System.
[    6.733655] systemd[1]: Started Uncomplicated firewall.
[[0;32m  OK  [0m] Started Uncomplicated firewall.
[    6.756986] systemd[1]: Started Set console keymap.
[[0;32m  OK  [0m] Started Set console keymap.
[    6.767146] systemd[1]: Started Load Kernel Modules.
[[0;32m  OK  [0m] Started Load Kernel Modules.
[    6.776796] systemd[1]: Started Create list of required static device nodes for the current kernel.
[[0;32m  OK  [0m] Started Create list of required sta...ce nodes for the current kernel.
[    6.793591] systemd[1]: Started Remount Root and Kernel File Systems.
[[0;32m  OK  [0m] Started Remount Root and Kernel File Systems.
[    6.818691] systemd[1]: Started Nameserver information manager.
[[0;32m  OK  [0m] Started Nameserver information manager.
[    6.832809] random: nonblocking pool is initialized
[    6.841601] systemd[1]: Started Journal Service.
[[0;32m  OK  [0m] Started Journal Service.
[[0;32m  OK  [0m] Started LVM2 metadata daemon.
         Starting Flush Journal to Persistent Storage...
         Starting Load/Save Random Seed...
         Starting udev Coldplug all Devices...
         Starting Create Static Device Nodes in /dev...
         Starting Apply Kernel Variables...
         Mounting FUSE Control File System...
[[0;32m  OK  [0m] Started Load/Save Random Seed.
[[0;32m  OK  [0m] Mounted FUSE Control File System.
[[0;32m  OK  [0m] Started Apply Kernel Variables.
[[0;32m  OK  [0m] Started Create Static Device Nodes in /dev.
[[0;32m  OK  [0m] Started Flush Journal to Persistent Storage.
         Starting udev Kernel Device Manager...
[[0;32m  OK  [0m] Started udev Coldplug all Devices.
[[0;32m  OK  [0m] Started udev Kernel Device Manager.
[[0;32m  OK  [0m] Started Dispatch Password Requests to Console Directory Watch.
[[0;32m  OK  [0m] Started Monitoring of LVM2 mirrors,...ng dmeventd or progress polling.
[[0;32m  OK  [0m] Reached target Local File Systems (Pre).
[[0;32m  OK  [0m] Reached target Local File Systems.
         Starting Create Volatile Files and Directories...
         Starting Commit a transient machine-id on disk...
         Starting Initial cloud-init job (pre-networking)...
         Starting Set console font and keymap...
         Starting LSB: AppArmor initialization...
         Starting Tell Plymouth To Write Out Runtime Data...
[[0;32m  OK  [0m] Started Create Volatile Files and Directories.
[[0;32m  OK  [0m] Started Commit a transient machine-id on disk.
         Starting Update UTMP about System Boot/Shutdown...
[[0;32m  OK  [0m] Started Tell Plymouth To Write Out Runtime Data.
[[0;32m  OK  [0m] Started Update UTMP about System Boot/Shutdown.
[[0;32m  OK  [0m] Found device /dev/ttyS0.
[[0;32m  OK  [0m] Listening on Load/Save RF Kill Switch Status /dev/rfkill Watch.
[    9.753775] cloud-init[487]: Cloud-init v. 19.2-36-g059d049c-0ubuntu1~16.04.1 running 'init-local' at Wed, 09 Oct 2019 10:13:10 +0000. Up 8.76 seconds.
[[0;32m  OK  [0m] Started Initial cloud-init job (pre-networking).
[[0;32m  OK  [0m] Reached target Network (Pre).
[[0;32m  OK  [0m] Started Set console font and keymap.
[[0;32m  OK  [0m] Created slice system-getty.slice.
[[0;32m  OK  [0m] Started LSB: AppArmor initialization.
         Starting Raise network interfaces...
[[0;32m  OK  [0m] Started Raise network interfaces.
[[0;32m  OK  [0m] Reached target Network.
         Starting Initial cloud-init job (metadata service crawler)...
[   13.819519] cloud-init[956]: Cloud-init v. 19.2-36-g059d049c-0ubuntu1~16.04.1 running 'init' at Wed, 09 Oct 2019 10:13:13 +0000. Up 12.15 seconds.
[   13.824697] cloud-init[956]: ci-info: +++++++++++++++++++++++++++++++++++++Net device info++++++++++++++++++++++++++++++++++++++
[   13.836915] cloud-init[956]: ci-info: +--------+------+---------------------------+---------------+--------+-------------------+
[   13.840871] cloud-init[956]: ci-info: | Device |  Up  |          Address          |      Mask     | Scope  |     Hw-Address    |
[   13.843971] cloud-init[956]: ci-info: +--------+------+---------------------------+---------------+--------+-------------------+
[   13.846811] cloud-init[956]: ci-info: | enp0s3 | True |         10.0.2.15         | 255.255.255.0 | global | 02:0e:9b:2d:5b:92 |
[   13.849862] cloud-init[956]: ci-info: | enp0s3 | True | fe80::e:9bff:fe2d:5b92/64 |       .       |  link  | 02:0e:9b:2d:5b:92 |
[   13.852787] cloud-init[956]: ci-info: |   lo   | True |         127.0.0.1         |   255.0.0.0   |  host  |         .         |
[   13.861088] cloud-init[956]: ci-info: |   lo   | True |          ::1/128          |       .       |  host  |         .         |
[   13.863926] cloud-init[956]: ci-info: +--------+------+---------------------------+---------------+--------+-------------------+
[   13.867154] cloud-init[956]: ci-info: +++++++++++++++++++++++++++Route IPv4 info++++++++++++++++++++++++++++
[   13.870741] cloud-init[956]: ci-info: +-------+-------------+----------+---------------+-----------+-------+
[   13.873806] cloud-init[956]: ci-info: | Route | Destination | Gateway  |    Genmask    | Interface | Flags |
[   13.876608] cloud-init[956]: ci-info: +-------+-------------+----------+---------------+-----------+-------+
[   13.879596] cloud-init[956]: ci-info: |   0   |   0.0.0.0   | 10.0.2.2 |    0.0.0.0    |   enp0s3  |   UG  |
[   13.881739] cloud-init[956]: ci-info: |   1   |   10.0.2.0  | 0.0.0.0  | 255.255.255.0 |   enp0s3  |   U   |
[   13.884389] cloud-init[956]: ci-info: +-------+-------------+----------+---------------+-----------+-------+
[   13.887922] cloud-init[956]: ci-info: +++++++++++++++++++Route IPv6 info+++++++++++++++++++
[   13.890756] cloud-init[956]: ci-info: +-------+-------------+---------+-----------+-------+
[   13.893323] cloud-init[956]: ci-info: | Route | Destination | Gateway | Interface | Flags |[
[0;32m  OK  [0m] Started Initial cloud-init job (metadata service crawler).
[   13.895233] cloud-init[956]: ci-info: +-------+-------------+---------+-----------+-------+[[0;32m  OK  [0m] Reached target Cloud-config availability.
[[0;32m  OK  [0m] Reached target Network is Online.

[   13.905930] cloud-init[956]: ci-info: |   0   |  fe80::/64  |    ::   |   enp0s3  |   U   |
[   13.912326]          Starting iSCSI initiator daemon (iscsid)...
[[0;32m  OK  [0m] Reached target System Initialization.
[[0;32m  OK  [0m] Listening on UUID daemon activation socket.
[[0;32m  OK  [0m] Listening on D-Bus System Message Bus Socket.
         Starting Socket activation for snappy daemon.
[[0;32m  OK  [0m] cloud-init[956]: ci-info: |   3   |   ff00::/8  |    ::   |   enp0s3  |   U   |Started Daily apt download activities.
[[0;32m  OK  [0m] Started Daily Cleanup of Temporary Directories.

[   13.918753] cloud-init[956]: ci-info: +-------+-------------+---------+-----------+-------+
[   13.928368]          Starting LXD - unix socket.
[[0;32m  OK  [0m] Started Daily apt upgrade and clean activities.
cloud-init[956]: Generating public/private rsa key pair.
[[0;32m  OK  [0m] Reached target Timers.
[[0;32m  OK  [0m] Started ACPI Events Check.
[[0;32m  OK  [0m] Reached target Paths.
[[0;32m  OK  [0m] Listening on ACPID Listen Socket.
[   13.931439] cloud-init[[0;32m  OK  [0m] Listening on Socket activation for snappy daemon.
[[0;32m  OK  [0m] Listening on LXD - unix socket.
[956]: Your identification has been saved in /etc/ssh/ssh_host_rsa_key.
[   13.940390] cloud-init[956]: Your public key has been saved in /etc/ssh/ssh_host_rsa_key.pub.
[   13.942331] cloud-init[956]: The key fingerprint is:
[   13.944640] cloud-init[956]: SHA256:j6hDj8L5QgT9l2qqUb09eJipNaleUffjFwNkPxN4cTc root@ubuntu-xenial[
[0;32m  OK  [0m] Reached target Sockets.
[   13.947306] cloud-init[[0;32m  OK  [0m] Reached target Basic System.
[956]: The key's randomart image is:
         Starting LSB: MD monitoring daemon...
[   13.952623]          Starting LSB: Record successful boot for GRUB...
         Starting LXD - container startup/shutdown...
cloud-init[956]: +---[RSA 2048]----+
[[0;32m  OK  [0m] Started D-Bus System Message Bus.
[   13.961902] cloud-init[956]: | .        o.o..E.|
[   13.974540] cloud-init[956]: |. .      o...o ..|
[   13.978701] cloud-init[956]: | . .  ... ..+    |
[   13.980935] cloud-init[956]: |  ....o. . . o   |
[   13.982919] cloud-init[956]: | .. oo  S o o    |
[   13.984654] cloud-init[956]: | .. +X . + . o   |
[   13.985657] cloud-init[956]: |.o =@o= . o .    |
[   13.987148] cloud-init[956]: | .*=o+..   .     |
[   13.996534] cloud-init[956]: |.o++o.           |
[   13.998003] cloud-init[956]: +----[SHA256]-----+
[   13.999553] cloud-init[956]: Generating public/private dsa key pair.
[   14.001968] cloud-init[956]: Your identification has been saved in /etc/ssh/ssh_host_dsa_key.
[   14.003690] cloud-init[956]: Your public key has been saved in /etc/ssh/ssh_host_dsa_key.pub.
[   14.005583] cloud-init[956]: The key fingerprint is:
[   14.006581] cloud-init[956]: SHA256:z8GSD428Mp1Sy9AKcPYmKZNAXrQCrmI3g9hot5sv+W0 root@ubuntu-xenial
[   14.012696] cloud-init[956]: The key's randomart image is:
[   14.014210] cloud-init[956]: +---[DSA 1024]----+
[   14.015172] cloud-init[956]: |...o             |
[   14.016353] cloud-init[956]: |= . .            |
         Starting /etc/rc.local Compatibility...
[   14.024687]          Starting Pollinate to seed the pseudo random number generator...
[[0;32m  OK  [0m] Started ACPI event daemon.
         Starting System Logging Service...
[[0;32m  OK  [0m] Started Regular background program processing daemon.
[[0;32m  OK  [0m] Started FUSE filesystem for LXC.
cloud-init         Starting Login Service...
         Starting Virtualbox guest utils...
         Starting Snappy daemon...
[[0;32m  OK  [0m] Started Deferred execution scheduler.
         Starting Accounts Service...
[[0;32m  OK  [0m] Started iSCSI initiator daemon (iscsid).
[[0;32m  OK  [0m] Started /etc/rc.local Compatibility.
[956]: |.+..o            |
[   14.105691] cloud-init[956]: |o+o= o o =       |
[[0;32m  OK  [0m] Started System Logging Service.
[   14.115675] cloud-init[956]: |=+==+ + S +      |
[   14.137720] cloud-init[956]: |+ oo++ * X .     |
[   14.142261] cloud-init[956]: |   .. = * +      |
[   14.150158] cloud-init[956]: |   oo .E         |
[   14.152863] cloud-init[956]: |   o+o..         |
[   14.154597] cloud-init[956]: +----[SHA256]-----+
[   14.156195] cloud-init[956]: Generating public/private ecdsa key pair.
[   14.159652] cloud-init[956]: Your identification has been saved in /etc/ssh/ssh_host_ecdsa_key.
[   14.169759] cloud-init[956]: Your public key has been saved in /etc/ssh/ssh_host_ecdsa_key.pub.
[   14.179682] cloud-init[956]: The key fingerprint is:
[   14.182001] cloud-init[956]: SHA256:or7/4Uc8EOslvNFy8GqoorDZATzsftP3MxAVHVfmQ+Y root@ubuntu-xenial
[   14.184637] cloud-init[956]: The key's randomart image is:
[[0;32m  OK  [0m] Started LSB: MD monitoring daemon.
[   14.187955] cloud-init[956]: +---[ECDSA 256]---+
[   14.213688] cloud-init[956]: |         .o....= |
[   14.227142] cloud-init[956]: |        o. .. *  |
[   14.234417] cloud-init[956]: [[0;32m  OK  [0m] Started LSB: Record successful boot for GRUB.
|       ..*     E |
[   14.240645] cloud-init[956]: |o      .B =     .|
[   14.251237] cloud-init[[0;32m  OK  [0m] Started LXD - container startup/shutdown.
[956]: |.+    .oS@       |
[   14.259660] cloud-init[956]: |...  ..o= +      |
[   14.264217] cloud-init[956]: |... o. .o. .     |
[   14.266663] cloud-init[956]: |o+.=.. o +.      |
[   14.268982] cloud-init[956]: |+oo.+oo.+oo      |[[0;32m  OK  [0m] Started Login Service.

[   14.271179] cloud-init[956]: +----[SHA256]-----+
[   14.273214] cloud-init[956]: Generating public/private ed25519 key pair.
[   14.276504] cloud-init[956]: Your identification has been saved in /etc/ssh/ssh_host_ed25519_key.
[   14.278900] cloud-init[956]: Your public key has been saved in /etc/ssh/ssh_host_ed25519_key.pub.
[   14.285553] cloud-init[956]: The key fingerprint is:
[   14.288766] [[0;32m  OK  [0m] Started Unattended Upgrades Shutdown.
         Starting Authenticate and Authorize Users to Run Privileged Tasks...
         Starting Login to default iSCSI targets...
cloud-init[956]: SHA256:+4Opbvhyzqq7HJqR5znIcjLlfVe3uqCC21XlUDM+5sQ root@ubuntu-xenial
[   14.313596] cloud-init[956]: The key's randomart image is:
[   14.315626] cloud-init[956]: +--[ED25519 256]--+
[   14.320922] cloud-init[956]: |          +      |
[   14.324730] cloud-init[956]: |         + o     |
[   14.332192] cloud-init[956]: |        . E      |
[   14.341160] cloud-init[956]: |         B .     |
[   14.347586] cloud-init[956]: |        S o      |
[   14.349820] cloud-init[956]: | ..    . .. .    |
[   14.352624] cloud-init[956]: |++oo .. o+ . .   |
[[0;32m  OK  [0m] Started Authenticate and Authorize Users to Run Privileged Tasks.
[   14.363129] cloud-init[956]: |=O=+=o+.+o. .    |
[   14.366294] cloud-init[956]: |++O*o@Bo  ++     |
[   14.367910] cloud-init[956]: +----[SHA256]-----+
[[0;32m  OK  [0m] Started Login to default iSCSI targets.
[[0;32m  OK  [0m] Started Accounts Service.
[[0;32m  OK  [0m] Reached target Remote File Systems (Pre).
[[0;32m  OK  [0m] Reached target Remote File Systems.
         Starting LSB: automatic crash report generation...
         Starting Permit User Sessions...
         Starting LSB: Set the CPU Frequency Scaling governor to "ondemand"...
         Starting LSB: daemon to balance interrupts for SMP systems...
[[0;32m  OK  [0m] Started Permit User Sessions.
         Starting Hold until boot process finishes up...
         Starting Terminate Plymouth Boot Screen...
[[0;32m  OK  [0m] Started Hold until boot process finishes up.
[[0;32m  OK  [0m] Started LSB: Set the CPU Frequency Scaling governor to "ondemand".
[[0;32m  OK  [0m] Started LSB: daemon to balance interrupts for SMP systems.
[[0;32m  OK  [0m] Started LSB: automatic crash report generation.
[[0;32m  OK  [0m] Started Terminate Plymouth Boot Screen.
[[0;32m  OK  [0m] Started Getty on tty1.
[[0;32m  OK  [0m] Started Serial Getty on ttyS0.
[[0;32m  OK  [0m] Reached target Login Prompts.
         Starting Set console scheme...
[[0;32m  OK  [0m] Started Virtualbox guest utils.
[[0;32m  OK  [0m] Started Set console scheme.
[[0;32m  OK  [0m] Started Snappy daemon.
         Starting Wait until snapd is fully seeded...
[[0;32m  OK  [0m] Started Pollinate to seed the pseudo random number generator.
         Starting OpenBSD Secure Shell server...
[[0;32m  OK  [0m] Started OpenBSD Secure Shell server.
[[0;32m  OK  [0m] Started Wait until snapd is fully seeded.
         Starting Apply the settings specified in cloud-config...
[[0;32m  OK  [0m] Reached target Multi-User System.
[[0;32m  OK  [0m] Reached target Graphical Interface.
         Starting Update UTMP about System Runlevel Changes...
[[0;32m  OK  [0m] Started Update UTMP about System Runlevel Changes.
[   16.948357] cloud-init[1324]: Generating locales (this might take a while)...
[[0;32m  OK  [0m] Created slice User Slice of vagrant.
         Starting User Manager for UID 1000...
[[0;32m  OK  [0m] Started Session 1 of user vagrant.
[[0;32m  OK  [0m] Started User Manager for UID 1000.
[   18.984372] cloud-init[1324]:   en_US.UTF-8... done
[   18.992611] cloud-init[1324]: Generation complete.
[   19.569672] cloud-init[1324]: Cloud-init v. 19.2-36-g059d049c-0ubuntu1~16.04.1 running 'modules:config' at Wed, 09 Oct 2019 10:13:17 +0000. Up 16.69 seconds.

Ubuntu 16.04.6 LTS ubuntu-xenial ttyS0

ubuntu-xenial login: ci-info: no authorized ssh keys fingerprints found for user ubuntu.
<14>Oct  9 10:13:22 ec2: 
<14>Oct  9 10:13:22 ec2: #############################################################
<14>Oct  9 10:13:22 ec2: -----BEGIN SSH HOST KEY FINGERPRINTS-----
<14>Oct  9 10:13:22 ec2: 1024 SHA256:z8GSD428Mp1Sy9AKcPYmKZNAXrQCrmI3g9hot5sv+W0 root@ubuntu-xenial (DSA)
<14>Oct  9 10:13:22 ec2: 256 SHA256:or7/4Uc8EOslvNFy8GqoorDZATzsftP3MxAVHVfmQ+Y root@ubuntu-xenial (ECDSA)
<14>Oct  9 10:13:22 ec2: 256 SHA256:+4Opbvhyzqq7HJqR5znIcjLlfVe3uqCC21XlUDM+5sQ root@ubuntu-xenial (ED25519)
<14>Oct  9 10:13:22 ec2: 2048 SHA256:j6hDj8L5QgT9l2qqUb09eJipNaleUffjFwNkPxN4cTc root@ubuntu-xenial (RSA)
<14>Oct  9 10:13:22 ec2: -----END SSH HOST KEY FINGERPRINTS-----
<14>Oct  9 10:13:22 ec2: #############################################################
-----BEGIN SSH HOST KEY KEYS-----
ecdsa-sha2-nistp256 AAAAE2VjZHNhLXNoYTItbmlzdHAyNTYAAAAIbmlzdHAyNTYAAABBBLHVU2CFuZSC96DqW2naLy+WrAl+T9GbFkObGgeDZ6782h1q1jw3Ju3IJHFKyPPPs5/thg1ugttbREXnS0M3wgc= root@ubuntu-xenial
ssh-ed25519 AAAAC3NzaC1lZDI1NTE5AAAAIHcXHxD83q/LHuqL2OMeB77fc59gpeWanzAHUHnWIGjn root@ubuntu-xenial
ssh-rsa AAAAB3NzaC1yc2EAAAADAQABAAABAQDJD3z3WEF5c1a5zsw8RUMjyC9Qa9X4gJtwPxlAiDXGuqn+UIfdO9s6N2aWLBT/EUJheyJIWQkzsfZVORb1/9Au/k+AQsDSwAtr+ePge6TpzcTcsKiVp92qHxBjAEf1kjnuXOzGJXSxmJ8DmqhTENi+xmCoOtngQX5PhrmXnQZ3VR+VW3996KbFr68dJxtJY78e2FyvsEz27L8G8FCQ/3rt81XOtkOUlkVkOxQRMWHJhL/D6/UZzslvskox9XkPsZA9qqoeKiUm7eXuly7WXtAG/CQ83yAklttrFJ+qv9GDDheI+vNtJov+33XFrZH9zccBMsbZdX5EPVcyTcySi6xJ root@ubuntu-xenial
-----END SSH HOST KEY KEYS-----
[   20.816402] cloud-init[1452]: Cloud-init v. 19.2-36-g059d049c-0ubuntu1~16.04.1 running 'modules:final' at Wed, 09 Oct 2019 10:13:21 +0000. Up 20.45 seconds.
[   20.816977] cloud-init[1452]: ci-info: no authorized ssh keys fingerprints found for user ubuntu.
[   20.817735] cloud-init[1452]: Cloud-init v. 19.2-36-g059d049c-0ubuntu1~16.04.1 finished at Wed, 09 Oct 2019 10:13:22 +0000. Datasource DataSourceNoCloud [seed=/dev/sdb][dsmode=net].  Up 20.79 seconds
